Build started 05/11/2014 18:44:09.
     1>Project "C:\Users\boulanger\Documents\Polytechnique\Année 3\INF552 Images\TP5\build\disparite.vcxproj" on node 2 (build target(s)).
     1>InitializeBuildStatus:
         Creating "disparite.dir\Release\disparite.unsuccessfulbuild" because "AlwaysCreate" was specified.
       CustomBuild:
         All outputs are up-to-date.
       ClCompile:
         c:\Program Files (x86)\Microsoft Visual Studio 10.0\VC\bin\CL.exe /c /IC:\Users\boulanger\Downloads\bis\opencv\build\include /IC:\Users\boulanger\Downloads\bis\opencv\build\include\opencv /nologo /W3 /WX- /O2 /Ob2 /Oy- /D WIN32 /D _WINDOWS /D NDEBUG /D "CMAKE_INTDIR=\"Release\"" /D _MBCS /Gm- /EHsc /MD /GS /fp:precise /Zc:wchar_t /Zc:forScope /GR /Fo"disparite.dir\Release\\" /Fd"disparite.dir\Release\vc100.pdb" /Gd /TP /analyze- /errorReport:prompt ..\disparite.cpp
         disparite.cpp
     1>..\disparite.cpp(28): warning C4018: '<' : signed/unsigned mismatch
     1>..\disparite.cpp(30): warning C4018: '<' : signed/unsigned mismatch
     1>..\disparite.cpp(190): warning C4244: 'argument' : conversion from 'double' to 'int', possible loss of data
     1>..\disparite.cpp(261): warning C4244: 'initializing' : conversion from 'double' to 'int', possible loss of data
     1>..\disparite.cpp(262): warning C4244: 'initializing' : conversion from 'double' to 'int', possible loss of data
     1>..\disparite.cpp(263): warning C4244: '=' : conversion from 'double' to 'float', possible loss of data
     1>..\disparite.cpp(264): warning C4244: 'argument' : conversion from 'int' to 'float', possible loss of data
     1>..\disparite.cpp(264): warning C4244: 'argument' : conversion from 'int' to 'float', possible loss of data
     1>..\disparite.cpp(268): warning C4244: 'initializing' : conversion from 'double' to 'int', possible loss of data
       Link:
         c:\Program Files (x86)\Microsoft Visual Studio 10.0\VC\bin\link.exe /ERRORREPORT:PROMPT /OUT:"C:\Users\boulanger\Documents\Polytechnique\Année 3\INF552 Images\TP5\build\Release\disparite.exe" /INCREMENTAL:NO /NOLOGO kernel32.lib user32.lib gdi32.lib winspool.lib shell32.lib ole32.lib oleaut32.lib uuid.lib comdlg32.lib advapi32.lib C:\Users\boulanger\Downloads\bis\opencv\build\x86\vc10\lib\opencv_videostab2410.lib C:\Users\boulanger\Downloads\bis\opencv\build\x86\vc10\lib\opencv_video2410.lib C:\Users\boulanger\Downloads\bis\opencv\build\x86\vc10\lib\opencv_ts2410.lib C:\Users\boulanger\Downloads\bis\opencv\build\x86\vc10\lib\opencv_superres2410.lib C:\Users\boulanger\Downloads\bis\opencv\build\x86\vc10\lib\opencv_stitching2410.lib C:\Users\boulanger\Downloads\bis\opencv\build\x86\vc10\lib\opencv_photo2410.lib C:\Users\boulanger\Downloads\bis\opencv\build\x86\vc10\lib\opencv_ocl2410.lib C:\Users\boulanger\Downloads\bis\opencv\build\x86\vc10\lib\opencv_objdetect2410.lib C:\Users\boulanger\Downloads\bis\opencv\build\x86\vc10\lib\opencv_nonfree2410.lib C:\Users\boulanger\Downloads\bis\opencv\build\x86\vc10\lib\opencv_ml2410.lib C:\Users\boulanger\Downloads\bis\opencv\build\x86\vc10\lib\opencv_legacy2410.lib C:\Users\boulanger\Downloads\bis\opencv\build\x86\vc10\lib\opencv_imgproc2410.lib C:\Users\boulanger\Downloads\bis\opencv\build\x86\vc10\lib\opencv_highgui2410.lib C:\Users\boulanger\Downloads\bis\opencv\build\x86\vc10\lib\opencv_gpu2410.lib C:\Users\boulanger\Downloads\bis\opencv\build\x86\vc10\lib\opencv_flann2410.lib C:\Users\boulanger\Downloads\bis\opencv\build\x86\vc10\lib\opencv_features2d2410.lib C:\Users\boulanger\Downloads\bis\opencv\build\x86\vc10\lib\opencv_core2410.lib C:\Users\boulanger\Downloads\bis\opencv\build\x86\vc10\lib\opencv_contrib2410.lib C:\Users\boulanger\Downloads\bis\opencv\build\x86\vc10\lib\opencv_calib3d2410.lib C:\Users\boulanger\Downloads\bis\opencv\build\x86\vc10\lib\opencv_nonfree2410.lib C:\Users\boulanger\Downloads\bis\opencv\build\x86\vc10\lib\opencv_ocl2410.lib C:\Users\boulanger\Downloads\bis\opencv\build\x86\vc10\lib\opencv_gpu2410.lib C:\Users\boulanger\Downloads\bis\opencv\build\x86\vc10\lib\opencv_photo2410.lib C:\Users\boulanger\Downloads\bis\opencv\build\x86\vc10\lib\opencv_objdetect2410.lib C:\Users\boulanger\Downloads\bis\opencv\build\x86\vc10\lib\opencv_legacy2410.lib C:\Users\boulanger\Downloads\bis\opencv\build\x86\vc10\lib\opencv_video2410.lib C:\Users\boulanger\Downloads\bis\opencv\build\x86\vc10\lib\opencv_ml2410.lib C:\Users\boulanger\Downloads\bis\opencv\build\x86\vc10\lib\opencv_calib3d2410.lib C:\Users\boulanger\Downloads\bis\opencv\build\x86\vc10\lib\opencv_features2d2410.lib C:\Users\boulanger\Downloads\bis\opencv\build\x86\vc10\lib\opencv_highgui2410.lib C:\Users\boulanger\Downloads\bis\opencv\build\x86\vc10\lib\opencv_imgproc2410.lib C:\Users\boulanger\Downloads\bis\opencv\build\x86\vc10\lib\opencv_flann2410.lib C:\Users\boulanger\Downloads\bis\opencv\build\x86\vc10\lib\opencv_core2410.lib /MANIFEST /ManifestFile:"disparite.dir\Release\disparite.exe.intermediate.manifest" /MANIFESTUAC:"level='asInvoker' uiAccess='false'" /PDB:"C:/Users/boulanger/Documents/Polytechnique/Année 3/INF552 Images/TP5/build/Release/disparite.pdb" /SUBSYSTEM:CONSOLE /TLBID:1 /DYNAMICBASE /NXCOMPAT /IMPLIB:"C:/Users/boulanger/Documents/Polytechnique/Année 3/INF552 Images/TP5/build/Release/disparite.lib" /MACHINE:X86 disparite.dir\Release\disparite.obj
         disparite.dir\Release\image.obj  /machine:X86 
         disparite.vcxproj -> C:\Users\boulanger\Documents\Polytechnique\Année 3\INF552 Images\TP5\build\Release\disparite.exe
       Manifest:
         C:\Program Files (x86)\Microsoft SDKs\Windows\v7.0A\bin\mt.exe /nologo /verbose /outputresource:"C:\Users\boulanger\Documents\Polytechnique\Année 3\INF552 Images\TP5\build\Release\disparite.exe;#1" /manifest disparite.dir\Release\disparite.exe.intermediate.manifest
       FinalizeBuildStatus:
         Deleting file "disparite.dir\Release\disparite.unsuccessfulbuild".
         Touching "disparite.dir\Release\disparite.lastbuildstate".
     1>Done Building Project "C:\Users\boulanger\Documents\Polytechnique\Année 3\INF552 Images\TP5\build\disparite.vcxproj" (build target(s)).

Build succeeded.

Time Elapsed 00:00:04.30
