C:\USERS\BOULANGER\DOCUMENTS\POLYTECHNIQUE\ANNÉE 3\INF552 IMAGES\PROJET\BUILD\CMAKEFILES\GENERATE.STAMP
C:\Users\boulanger\Documents\Polytechnique\Année 3\INF552 Images\Projet\build\Debug\GC.exe
C:\Users\boulanger\Documents\Polytechnique\Année 3\INF552 Images\Projet\build\Debug\GC.ilk
C:\Users\boulanger\Documents\Polytechnique\Année 3\INF552 Images\Projet\build\Debug\GC.pdb
C:\Users\boulanger\Documents\Polytechnique\Année 3\INF552 Images\Projet\build\GC.dir\Debug\cl.command.1.tlog
C:\Users\boulanger\Documents\Polytechnique\Année 3\INF552 Images\Projet\build\GC.dir\Debug\CL.read.1.tlog
C:\Users\boulanger\Documents\Polytechnique\Année 3\INF552 Images\Projet\build\GC.dir\Debug\CL.write.1.tlog
C:\Users\boulanger\Documents\Polytechnique\Année 3\INF552 Images\Projet\build\GC.dir\Debug\custombuild.command.1.tlog
C:\Users\boulanger\Documents\Polytechnique\Année 3\INF552 Images\Projet\build\GC.dir\Debug\custombuild.read.1.tlog
C:\Users\boulanger\Documents\Polytechnique\Année 3\INF552 Images\Projet\build\GC.dir\Debug\custombuild.write.1.tlog
C:\USERS\BOULANGER\DOCUMENTS\POLYTECHNIQUE\ANNéE 3\INF552 IMAGES\PROJET\BUILD\GC.DIR\DEBUG\DISPARITE.OBJ
C:\USERS\BOULANGER\DOCUMENTS\POLYTECHNIQUE\ANNéE 3\INF552 IMAGES\PROJET\BUILD\GC.DIR\DEBUG\GC.EXE.EMBED.MANIFEST
C:\USERS\BOULANGER\DOCUMENTS\POLYTECHNIQUE\ANNéE 3\INF552 IMAGES\PROJET\BUILD\GC.DIR\DEBUG\GC.EXE.EMBED.MANIFEST.RES
C:\Users\boulanger\Documents\Polytechnique\Année 3\INF552 Images\Projet\build\GC.dir\Debug\GC.exe.intermediate.manifest
C:\Users\boulanger\Documents\Polytechnique\Année 3\INF552 Images\Projet\build\GC.dir\Debug\GC.vcxprojResolveAssemblyReference.cache
C:\Users\boulanger\Documents\Polytechnique\Année 3\INF552 Images\Projet\build\GC.dir\Debug\GC.write.1.tlog
C:\Users\boulanger\Documents\Polytechnique\Année 3\INF552 Images\Projet\build\GC.dir\Debug\GC_manifest.rc
C:\USERS\BOULANGER\DOCUMENTS\POLYTECHNIQUE\ANNéE 3\INF552 IMAGES\PROJET\BUILD\GC.DIR\DEBUG\GRAPH.OBJ
C:\USERS\BOULANGER\DOCUMENTS\POLYTECHNIQUE\ANNéE 3\INF552 IMAGES\PROJET\BUILD\GC.DIR\DEBUG\GRAPHCUTS.OBJ
C:\USERS\BOULANGER\DOCUMENTS\POLYTECHNIQUE\ANNéE 3\INF552 IMAGES\PROJET\BUILD\GC.DIR\DEBUG\IMAGE.OBJ
C:\Users\boulanger\Documents\Polytechnique\Année 3\INF552 Images\Projet\build\GC.dir\Debug\link.1264.read.1.tlog
C:\Users\boulanger\Documents\Polytechnique\Année 3\INF552 Images\Projet\build\GC.dir\Debug\link.1264.write.1.tlog
C:\Users\boulanger\Documents\Polytechnique\Année 3\INF552 Images\Projet\build\GC.dir\Debug\link.1264-cvtres.read.1.tlog
C:\Users\boulanger\Documents\Polytechnique\Année 3\INF552 Images\Projet\build\GC.dir\Debug\link.1264-cvtres.write.1.tlog
C:\Users\boulanger\Documents\Polytechnique\Année 3\INF552 Images\Projet\build\GC.dir\Debug\link.1564.read.1.tlog
C:\Users\boulanger\Documents\Polytechnique\Année 3\INF552 Images\Projet\build\GC.dir\Debug\link.1564.write.1.tlog
C:\Users\boulanger\Documents\Polytechnique\Année 3\INF552 Images\Projet\build\GC.dir\Debug\link.1564-cvtres.read.1.tlog
C:\Users\boulanger\Documents\Polytechnique\Année 3\INF552 Images\Projet\build\GC.dir\Debug\link.1564-cvtres.write.1.tlog
C:\Users\boulanger\Documents\Polytechnique\Année 3\INF552 Images\Projet\build\GC.dir\Debug\link.3864.read.1.tlog
C:\Users\boulanger\Documents\Polytechnique\Année 3\INF552 Images\Projet\build\GC.dir\Debug\link.3864.write.1.tlog
C:\Users\boulanger\Documents\Polytechnique\Année 3\INF552 Images\Projet\build\GC.dir\Debug\link.3864-cvtres.read.1.tlog
C:\Users\boulanger\Documents\Polytechnique\Année 3\INF552 Images\Projet\build\GC.dir\Debug\link.3864-cvtres.write.1.tlog
C:\Users\boulanger\Documents\Polytechnique\Année 3\INF552 Images\Projet\build\GC.dir\Debug\link.4312.read.1.tlog
C:\Users\boulanger\Documents\Polytechnique\Année 3\INF552 Images\Projet\build\GC.dir\Debug\link.4312.write.1.tlog
C:\Users\boulanger\Documents\Polytechnique\Année 3\INF552 Images\Projet\build\GC.dir\Debug\link.4312-cvtres.read.1.tlog
C:\Users\boulanger\Documents\Polytechnique\Année 3\INF552 Images\Projet\build\GC.dir\Debug\link.4312-cvtres.write.1.tlog
C:\Users\boulanger\Documents\Polytechnique\Année 3\INF552 Images\Projet\build\GC.dir\Debug\link.4516.read.1.tlog
C:\Users\boulanger\Documents\Polytechnique\Année 3\INF552 Images\Projet\build\GC.dir\Debug\link.4516.write.1.tlog
C:\Users\boulanger\Documents\Polytechnique\Année 3\INF552 Images\Projet\build\GC.dir\Debug\link.4516-cvtres.read.1.tlog
C:\Users\boulanger\Documents\Polytechnique\Année 3\INF552 Images\Projet\build\GC.dir\Debug\link.4516-cvtres.write.1.tlog
C:\Users\boulanger\Documents\Polytechnique\Année 3\INF552 Images\Projet\build\GC.dir\Debug\link.4596.read.1.tlog
C:\Users\boulanger\Documents\Polytechnique\Année 3\INF552 Images\Projet\build\GC.dir\Debug\link.4596.write.1.tlog
C:\Users\boulanger\Documents\Polytechnique\Année 3\INF552 Images\Projet\build\GC.dir\Debug\link.4596-cvtres.read.1.tlog
C:\Users\boulanger\Documents\Polytechnique\Année 3\INF552 Images\Projet\build\GC.dir\Debug\link.4596-cvtres.write.1.tlog
C:\Users\boulanger\Documents\Polytechnique\Année 3\INF552 Images\Projet\build\GC.dir\Debug\link.4672.read.1.tlog
C:\Users\boulanger\Documents\Polytechnique\Année 3\INF552 Images\Projet\build\GC.dir\Debug\link.4672.write.1.tlog
C:\Users\boulanger\Documents\Polytechnique\Année 3\INF552 Images\Projet\build\GC.dir\Debug\link.4672-cvtres.read.1.tlog
C:\Users\boulanger\Documents\Polytechnique\Année 3\INF552 Images\Projet\build\GC.dir\Debug\link.4672-cvtres.write.1.tlog
C:\Users\boulanger\Documents\Polytechnique\Année 3\INF552 Images\Projet\build\GC.dir\Debug\link.5136.read.1.tlog
C:\Users\boulanger\Documents\Polytechnique\Année 3\INF552 Images\Projet\build\GC.dir\Debug\link.5136.write.1.tlog
C:\Users\boulanger\Documents\Polytechnique\Année 3\INF552 Images\Projet\build\GC.dir\Debug\link.5136-cvtres.read.1.tlog
C:\Users\boulanger\Documents\Polytechnique\Année 3\INF552 Images\Projet\build\GC.dir\Debug\link.5136-cvtres.write.1.tlog
C:\Users\boulanger\Documents\Polytechnique\Année 3\INF552 Images\Projet\build\GC.dir\Debug\link.5580.read.1.tlog
C:\Users\boulanger\Documents\Polytechnique\Année 3\INF552 Images\Projet\build\GC.dir\Debug\link.5580.write.1.tlog
C:\Users\boulanger\Documents\Polytechnique\Année 3\INF552 Images\Projet\build\GC.dir\Debug\link.5580-cvtres.read.1.tlog
C:\Users\boulanger\Documents\Polytechnique\Année 3\INF552 Images\Projet\build\GC.dir\Debug\link.5580-cvtres.write.1.tlog
C:\Users\boulanger\Documents\Polytechnique\Année 3\INF552 Images\Projet\build\GC.dir\Debug\link.5632.read.1.tlog
C:\Users\boulanger\Documents\Polytechnique\Année 3\INF552 Images\Projet\build\GC.dir\Debug\link.5632.write.1.tlog
C:\Users\boulanger\Documents\Polytechnique\Année 3\INF552 Images\Projet\build\GC.dir\Debug\link.5632-cvtres.read.1.tlog
C:\Users\boulanger\Documents\Polytechnique\Année 3\INF552 Images\Projet\build\GC.dir\Debug\link.5632-cvtres.write.1.tlog
C:\Users\boulanger\Documents\Polytechnique\Année 3\INF552 Images\Projet\build\GC.dir\Debug\link.7020.read.1.tlog
C:\Users\boulanger\Documents\Polytechnique\Année 3\INF552 Images\Projet\build\GC.dir\Debug\link.7020.write.1.tlog
C:\Users\boulanger\Documents\Polytechnique\Année 3\INF552 Images\Projet\build\GC.dir\Debug\link.7020-cvtres.read.1.tlog
C:\Users\boulanger\Documents\Polytechnique\Année 3\INF552 Images\Projet\build\GC.dir\Debug\link.7020-cvtres.write.1.tlog
C:\Users\boulanger\Documents\Polytechnique\Année 3\INF552 Images\Projet\build\GC.dir\Debug\link.command.1.tlog
C:\Users\boulanger\Documents\Polytechnique\Année 3\INF552 Images\Projet\build\GC.dir\Debug\link.read.1.tlog
C:\Users\boulanger\Documents\Polytechnique\Année 3\INF552 Images\Projet\build\GC.dir\Debug\link.write.1.tlog
C:\Users\boulanger\Documents\Polytechnique\Année 3\INF552 Images\Projet\build\GC.dir\Debug\link-cvtres.read.1.tlog
C:\Users\boulanger\Documents\Polytechnique\Année 3\INF552 Images\Projet\build\GC.dir\Debug\link-cvtres.write.1.tlog
C:\Users\boulanger\Documents\Polytechnique\Année 3\INF552 Images\Projet\build\GC.dir\Debug\mt.command.1.tlog
C:\Users\boulanger\Documents\Polytechnique\Année 3\INF552 Images\Projet\build\GC.dir\Debug\mt.read.1.tlog
C:\Users\boulanger\Documents\Polytechnique\Année 3\INF552 Images\Projet\build\GC.dir\Debug\mt.write.1.tlog
C:\Users\boulanger\Documents\Polytechnique\Année 3\INF552 Images\Projet\build\GC.dir\Debug\rc.command.1.tlog
C:\Users\boulanger\Documents\Polytechnique\Année 3\INF552 Images\Projet\build\GC.dir\Debug\rc.read.1.tlog
C:\Users\boulanger\Documents\Polytechnique\Année 3\INF552 Images\Projet\build\GC.dir\Debug\rc.write.1.tlog
C:\Users\boulanger\Documents\Polytechnique\Année 3\INF552 Images\Projet\build\GC.dir\Debug\vc100.idb
C:\USERS\BOULANGER\DOCUMENTS\POLYTECHNIQUE\ANNÉE 3\INF552 IMAGES\PROJET\BUILD\GC.DIR\DEBUG\VC100.PDB
