Build started 05/11/2014 12:47:08.
     1>Project "C:\Users\boulanger\Documents\Polytechnique\Année 3\INF552 Images\TP5\build\disparite.vcxproj" on node 2 (build target(s)).
     1>InitializeBuildStatus:
         Touching "disparite.dir\Debug\disparite.unsuccessfulbuild".
       CustomBuild:
         All outputs are up-to-date.
       ClCompile:
         c:\Program Files (x86)\Microsoft Visual Studio 10.0\VC\bin\CL.exe /c /IC:\Users\boulanger\Downloads\bis\opencv\build\include /IC:\Users\boulanger\Downloads\bis\opencv\build\include\opencv /Zi /nologo /W3 /WX- /Od /Ob0 /Oy- /D WIN32 /D _WINDOWS /D _DEBUG /D "CMAKE_INTDIR=\"Debug\"" /D _MBCS /Gm- /EHsc /RTC1 /MDd /GS /fp:precise /Zc:wchar_t /Zc:forScope /GR /Fo"disparite.dir\Debug\\" /Fd"disparite.dir\Debug\vc100.pdb" /Gd /TP /analyze- /errorReport:prompt ..\disparite.cpp
         disparite.cpp
     1>..\disparite.cpp(28): warning C4018: '<' : signed/unsigned mismatch
     1>..\disparite.cpp(30): warning C4018: '<' : signed/unsigned mismatch
       ManifestResourceCompile:
         All outputs are up-to-date.
       Link:
         c:\Program Files (x86)\Microsoft Visual Studio 10.0\VC\bin\link.exe /ERRORREPORT:PROMPT /OUT:"C:\Users\boulanger\Documents\Polytechnique\Année 3\INF552 Images\TP5\build\Debug\disparite.exe" /INCREMENTAL /NOLOGO kernel32.lib user32.lib gdi32.lib winspool.lib shell32.lib ole32.lib oleaut32.lib uuid.lib comdlg32.lib advapi32.lib C:\Users\boulanger\Downloads\bis\opencv\build\x86\vc10\lib\opencv_videostab2410d.lib C:\Users\boulanger\Downloads\bis\opencv\build\x86\vc10\lib\opencv_video2410d.lib C:\Users\boulanger\Downloads\bis\opencv\build\x86\vc10\lib\opencv_ts2410d.lib C:\Users\boulanger\Downloads\bis\opencv\build\x86\vc10\lib\opencv_superres2410d.lib C:\Users\boulanger\Downloads\bis\opencv\build\x86\vc10\lib\opencv_stitching2410d.lib C:\Users\boulanger\Downloads\bis\opencv\build\x86\vc10\lib\opencv_photo2410d.lib C:\Users\boulanger\Downloads\bis\opencv\build\x86\vc10\lib\opencv_ocl2410d.lib C:\Users\boulanger\Downloads\bis\opencv\build\x86\vc10\lib\opencv_objdetect2410d.lib C:\Users\boulanger\Downloads\bis\opencv\build\x86\vc10\lib\opencv_nonfree2410d.lib C:\Users\boulanger\Downloads\bis\opencv\build\x86\vc10\lib\opencv_ml2410d.lib C:\Users\boulanger\Downloads\bis\opencv\build\x86\vc10\lib\opencv_legacy2410d.lib C:\Users\boulanger\Downloads\bis\opencv\build\x86\vc10\lib\opencv_imgproc2410d.lib C:\Users\boulanger\Downloads\bis\opencv\build\x86\vc10\lib\opencv_highgui2410d.lib C:\Users\boulanger\Downloads\bis\opencv\build\x86\vc10\lib\opencv_gpu2410d.lib C:\Users\boulanger\Downloads\bis\opencv\build\x86\vc10\lib\opencv_flann2410d.lib C:\Users\boulanger\Downloads\bis\opencv\build\x86\vc10\lib\opencv_features2d2410d.lib C:\Users\boulanger\Downloads\bis\opencv\build\x86\vc10\lib\opencv_core2410d.lib C:\Users\boulanger\Downloads\bis\opencv\build\x86\vc10\lib\opencv_contrib2410d.lib C:\Users\boulanger\Downloads\bis\opencv\build\x86\vc10\lib\opencv_calib3d2410d.lib C:\Users\boulanger\Downloads\bis\opencv\build\x86\vc10\lib\opencv_nonfree2410d.lib C:\Users\boulanger\Downloads\bis\opencv\build\x86\vc10\lib\opencv_ocl2410d.lib C:\Users\boulanger\Downloads\bis\opencv\build\x86\vc10\lib\opencv_gpu2410d.lib C:\Users\boulanger\Downloads\bis\opencv\build\x86\vc10\lib\opencv_photo2410d.lib C:\Users\boulanger\Downloads\bis\opencv\build\x86\vc10\lib\opencv_objdetect2410d.lib C:\Users\boulanger\Downloads\bis\opencv\build\x86\vc10\lib\opencv_legacy2410d.lib C:\Users\boulanger\Downloads\bis\opencv\build\x86\vc10\lib\opencv_video2410d.lib C:\Users\boulanger\Downloads\bis\opencv\build\x86\vc10\lib\opencv_ml2410d.lib C:\Users\boulanger\Downloads\bis\opencv\build\x86\vc10\lib\opencv_calib3d2410d.lib C:\Users\boulanger\Downloads\bis\opencv\build\x86\vc10\lib\opencv_features2d2410d.lib C:\Users\boulanger\Downloads\bis\opencv\build\x86\vc10\lib\opencv_highgui2410d.lib C:\Users\boulanger\Downloads\bis\opencv\build\x86\vc10\lib\opencv_imgproc2410d.lib C:\Users\boulanger\Downloads\bis\opencv\build\x86\vc10\lib\opencv_flann2410d.lib C:\Users\boulanger\Downloads\bis\opencv\build\x86\vc10\lib\opencv_core2410d.lib /MANIFEST /ManifestFile:"disparite.dir\Debug\disparite.exe.intermediate.manifest" /MANIFESTUAC:"level='asInvoker' uiAccess='false'" /DEBUG /PDB:"C:/Users/boulanger/Documents/Polytechnique/Année 3/INF552 Images/TP5/build/Debug/disparite.pdb" /SUBSYSTEM:CONSOLE /TLBID:1 /DYNAMICBASE /NXCOMPAT /IMPLIB:"C:/Users/boulanger/Documents/Polytechnique/Année 3/INF552 Images/TP5/build/Debug/disparite.lib" /MACHINE:X86 disparite.dir\Debug\disparite.exe.embed.manifest.res
         disparite.dir\Debug\disparite.obj
         disparite.dir\Debug\image.obj  /machine:X86 /debug 
       Manifest:
         C:\Program Files (x86)\Microsoft SDKs\Windows\v7.0A\bin\mt.exe /nologo /verbose /out:"disparite.dir\Debug\disparite.exe.embed.manifest" /manifest disparite.dir\Debug\disparite.exe.intermediate.manifest
         All outputs are up-to-date.
       LinkEmbedManifest:
         All outputs are up-to-date.
         disparite.vcxproj -> C:\Users\boulanger\Documents\Polytechnique\Année 3\INF552 Images\TP5\build\Debug\disparite.exe
       FinalizeBuildStatus:
         Deleting file "disparite.dir\Debug\disparite.unsuccessfulbuild".
         Touching "disparite.dir\Debug\disparite.lastbuildstate".
     1>Done Building Project "C:\Users\boulanger\Documents\Polytechnique\Année 3\INF552 Images\TP5\build\disparite.vcxproj" (build target(s)).

Build succeeded.

Time Elapsed 00:00:05.14
