Build started 20/04/2015 17:16:12.
     1>Project "C:\Users\boulanger\Documents\Polytechnique\Année 3\INF552 Images\Projet\build\GC.vcxproj" on node 2 (build target(s)).
     1>InitializeBuildStatus:
         Creating "GC.dir\Release\GC.unsuccessfulbuild" because "AlwaysCreate" was specified.
       CustomBuild:
         All outputs are up-to-date.
       ClCompile:
         c:\Program Files (x86)\Microsoft Visual Studio 10.0\VC\bin\CL.exe /c /IC:\Users\boulanger\Downloads\bis\opencv\build\include /IC:\Users\boulanger\Downloads\bis\opencv\build\include\opencv /nologo /W3 /WX- /O2 /Ob2 /Oy- /D WIN32 /D _WINDOWS /D NDEBUG /D "CMAKE_INTDIR=\"Release\"" /D _MBCS /Gm- /EHsc /MD /GS /fp:precise /Zc:wchar_t /Zc:forScope /GR /Fo"GC.dir\Release\\" /Fd"GC.dir\Release\vc100.pdb" /Gd /TP /analyze- /errorReport:prompt ..\graphCuts.cpp
         graphCuts.cpp
     1>..\graphCuts.cpp(42): warning C4018: '<' : signed/unsigned mismatch
     1>..\graphCuts.cpp(44): warning C4018: '<' : signed/unsigned mismatch
     1>..\graphCuts.cpp(169): warning C4244: '=' : conversion from 'double' to 'float', possible loss of data
     1>..\graphCuts.cpp(172): warning C4244: '=' : conversion from 'double' to 'float', possible loss of data
     1>..\graphCuts.cpp(174): warning C4244: '=' : conversion from 'int' to 'float', possible loss of data
     1>..\graphCuts.cpp(176): warning C4244: '+=' : conversion from 'float' to 'int', possible loss of data
     1>..\graphCuts.cpp(249): warning C4244: '=' : conversion from 'double' to 'float', possible loss of data
     1>..\graphCuts.cpp(251): warning C4244: '=' : conversion from 'double' to 'float', possible loss of data
     1>..\graphCuts.cpp(252): warning C4244: 'argument' : conversion from 'int' to 'float', possible loss of data
     1>..\graphCuts.cpp(252): warning C4244: 'argument' : conversion from 'int' to 'float', possible loss of data
     1>..\graphCuts.cpp(261): warning C4018: '>=' : signed/unsigned mismatch
       Link:
         c:\Program Files (x86)\Microsoft Visual Studio 10.0\VC\bin\link.exe /ERRORREPORT:PROMPT /OUT:"C:\Users\boulanger\Documents\Polytechnique\Année 3\INF552 Images\Projet\build\Release\GC.exe" /INCREMENTAL:NO /NOLOGO kernel32.lib user32.lib gdi32.lib winspool.lib shell32.lib ole32.lib oleaut32.lib uuid.lib comdlg32.lib advapi32.lib C:\Users\boulanger\Downloads\bis\opencv\build\x86\vc10\lib\opencv_videostab2410.lib C:\Users\boulanger\Downloads\bis\opencv\build\x86\vc10\lib\opencv_video2410.lib C:\Users\boulanger\Downloads\bis\opencv\build\x86\vc10\lib\opencv_ts2410.lib C:\Users\boulanger\Downloads\bis\opencv\build\x86\vc10\lib\opencv_superres2410.lib C:\Users\boulanger\Downloads\bis\opencv\build\x86\vc10\lib\opencv_stitching2410.lib C:\Users\boulanger\Downloads\bis\opencv\build\x86\vc10\lib\opencv_photo2410.lib C:\Users\boulanger\Downloads\bis\opencv\build\x86\vc10\lib\opencv_ocl2410.lib C:\Users\boulanger\Downloads\bis\opencv\build\x86\vc10\lib\opencv_objdetect2410.lib C:\Users\boulanger\Downloads\bis\opencv\build\x86\vc10\lib\opencv_nonfree2410.lib C:\Users\boulanger\Downloads\bis\opencv\build\x86\vc10\lib\opencv_ml2410.lib C:\Users\boulanger\Downloads\bis\opencv\build\x86\vc10\lib\opencv_legacy2410.lib C:\Users\boulanger\Downloads\bis\opencv\build\x86\vc10\lib\opencv_imgproc2410.lib C:\Users\boulanger\Downloads\bis\opencv\build\x86\vc10\lib\opencv_highgui2410.lib C:\Users\boulanger\Downloads\bis\opencv\build\x86\vc10\lib\opencv_gpu2410.lib C:\Users\boulanger\Downloads\bis\opencv\build\x86\vc10\lib\opencv_flann2410.lib C:\Users\boulanger\Downloads\bis\opencv\build\x86\vc10\lib\opencv_features2d2410.lib C:\Users\boulanger\Downloads\bis\opencv\build\x86\vc10\lib\opencv_core2410.lib C:\Users\boulanger\Downloads\bis\opencv\build\x86\vc10\lib\opencv_contrib2410.lib C:\Users\boulanger\Downloads\bis\opencv\build\x86\vc10\lib\opencv_calib3d2410.lib C:\Users\boulanger\Downloads\bis\opencv\build\x86\vc10\lib\opencv_nonfree2410.lib C:\Users\boulanger\Downloads\bis\opencv\build\x86\vc10\lib\opencv_ocl2410.lib C:\Users\boulanger\Downloads\bis\opencv\build\x86\vc10\lib\opencv_gpu2410.lib C:\Users\boulanger\Downloads\bis\opencv\build\x86\vc10\lib\opencv_photo2410.lib C:\Users\boulanger\Downloads\bis\opencv\build\x86\vc10\lib\opencv_objdetect2410.lib C:\Users\boulanger\Downloads\bis\opencv\build\x86\vc10\lib\opencv_legacy2410.lib C:\Users\boulanger\Downloads\bis\opencv\build\x86\vc10\lib\opencv_video2410.lib C:\Users\boulanger\Downloads\bis\opencv\build\x86\vc10\lib\opencv_ml2410.lib C:\Users\boulanger\Downloads\bis\opencv\build\x86\vc10\lib\opencv_calib3d2410.lib C:\Users\boulanger\Downloads\bis\opencv\build\x86\vc10\lib\opencv_features2d2410.lib C:\Users\boulanger\Downloads\bis\opencv\build\x86\vc10\lib\opencv_highgui2410.lib C:\Users\boulanger\Downloads\bis\opencv\build\x86\vc10\lib\opencv_imgproc2410.lib C:\Users\boulanger\Downloads\bis\opencv\build\x86\vc10\lib\opencv_flann2410.lib C:\Users\boulanger\Downloads\bis\opencv\build\x86\vc10\lib\opencv_core2410.lib /MANIFEST /ManifestFile:"GC.dir\Release\GC.exe.intermediate.manifest" /MANIFESTUAC:"level='asInvoker' uiAccess='false'" /PDB:"C:/Users/boulanger/Documents/Polytechnique/Année 3/INF552 Images/Projet/build/Release/GC.pdb" /SUBSYSTEM:CONSOLE /TLBID:1 /DYNAMICBASE /NXCOMPAT /IMPLIB:"C:/Users/boulanger/Documents/Polytechnique/Année 3/INF552 Images/Projet/build/Release/GC.lib" /MACHINE:X86 GC.dir\Release\graphCuts.obj
         GC.dir\Release\graph.obj
         GC.dir\Release\image.obj  /machine:X86 
         GC.vcxproj -> C:\Users\boulanger\Documents\Polytechnique\Année 3\INF552 Images\Projet\build\Release\GC.exe
       Manifest:
         C:\Program Files (x86)\Microsoft SDKs\Windows\v7.0A\bin\mt.exe /nologo /verbose /outputresource:"C:\Users\boulanger\Documents\Polytechnique\Année 3\INF552 Images\Projet\build\Release\GC.exe;#1" /manifest GC.dir\Release\GC.exe.intermediate.manifest
       FinalizeBuildStatus:
         Deleting file "GC.dir\Release\GC.unsuccessfulbuild".
         Touching "GC.dir\Release\GC.lastbuildstate".
     1>Done Building Project "C:\Users\boulanger\Documents\Polytechnique\Année 3\INF552 Images\Projet\build\GC.vcxproj" (build target(s)).

Build succeeded.

Time Elapsed 00:00:01.70
