Build started 03/11/2014 14:12:27.
     1>Project "C:\Users\boulanger\Documents\Polytechnique\Année 3\INF552 Images\TP4\build\epipolaires.vcxproj" on node 2 (build target(s)).
     1>InitializeBuildStatus:
         Creating "epipolaires.dir\Debug\epipolaires.unsuccessfulbuild" because "AlwaysCreate" was specified.
       CustomBuild:
         All outputs are up-to-date.
       ClCompile:
         c:\Program Files (x86)\Microsoft Visual Studio 10.0\VC\bin\CL.exe /c /IC:\Users\boulanger\Downloads\bis\opencv\build\include /IC:\Users\boulanger\Downloads\bis\opencv\build\include\opencv /Zi /nologo /W3 /WX- /Od /Ob0 /Oy- /D WIN32 /D _WINDOWS /D _DEBUG /D "CMAKE_INTDIR=\"Debug\"" /D _MBCS /Gm- /EHsc /RTC1 /MDd /GS /fp:precise /Zc:wchar_t /Zc:forScope /GR /Fo"epipolaires.dir\Debug\\" /Fd"epipolaires.dir\Debug\vc100.pdb" /Gd /TP /analyze- /errorReport:prompt ..\epi.cpp
         epi.cpp
     1>..\epi.cpp(61): warning C4244: 'argument' : conversion from 'double' to 'int', possible loss of data
     1>..\epi.cpp(61): warning C4244: 'argument' : conversion from 'double' to 'int', possible loss of data
     1>..\epi.cpp(74): warning C4244: 'argument' : conversion from 'double' to 'int', possible loss of data
     1>..\epi.cpp(82): warning C4244: 'argument' : conversion from 'double' to 'int', possible loss of data
     1>..\epi.cpp(82): warning C4244: 'argument' : conversion from 'double' to 'int', possible loss of data
     1>..\epi.cpp(103): warning C4244: 'argument' : conversion from 'double' to 'int', possible loss of data
     1>..\epi.cpp(103): warning C4244: 'argument' : conversion from 'double' to 'int', possible loss of data
     1>..\epi.cpp(116): warning C4244: 'argument' : conversion from 'double' to 'int', possible loss of data
     1>..\epi.cpp(124): warning C4244: 'argument' : conversion from 'double' to 'int', possible loss of data
     1>..\epi.cpp(124): warning C4244: 'argument' : conversion from 'double' to 'int', possible loss of data
       ManifestResourceCompile:
         All outputs are up-to-date.
       Link:
         c:\Program Files (x86)\Microsoft Visual Studio 10.0\VC\bin\link.exe /ERRORREPORT:PROMPT /OUT:"C:\Users\boulanger\Documents\Polytechnique\Année 3\INF552 Images\TP4\build\Debug\epipolaires.exe" /INCREMENTAL /NOLOGO kernel32.lib user32.lib gdi32.lib winspool.lib shell32.lib ole32.lib oleaut32.lib uuid.lib comdlg32.lib advapi32.lib C:\Users\boulanger\Downloads\bis\opencv\build\x86\vc10\lib\opencv_videostab2410d.lib C:\Users\boulanger\Downloads\bis\opencv\build\x86\vc10\lib\opencv_video2410d.lib C:\Users\boulanger\Downloads\bis\opencv\build\x86\vc10\lib\opencv_ts2410d.lib C:\Users\boulanger\Downloads\bis\opencv\build\x86\vc10\lib\opencv_superres2410d.lib C:\Users\boulanger\Downloads\bis\opencv\build\x86\vc10\lib\opencv_stitching2410d.lib C:\Users\boulanger\Downloads\bis\opencv\build\x86\vc10\lib\opencv_photo2410d.lib C:\Users\boulanger\Downloads\bis\opencv\build\x86\vc10\lib\opencv_ocl2410d.lib C:\Users\boulanger\Downloads\bis\opencv\build\x86\vc10\lib\opencv_objdetect2410d.lib C:\Users\boulanger\Downloads\bis\opencv\build\x86\vc10\lib\opencv_nonfree2410d.lib C:\Users\boulanger\Downloads\bis\opencv\build\x86\vc10\lib\opencv_ml2410d.lib C:\Users\boulanger\Downloads\bis\opencv\build\x86\vc10\lib\opencv_legacy2410d.lib C:\Users\boulanger\Downloads\bis\opencv\build\x86\vc10\lib\opencv_imgproc2410d.lib C:\Users\boulanger\Downloads\bis\opencv\build\x86\vc10\lib\opencv_highgui2410d.lib C:\Users\boulanger\Downloads\bis\opencv\build\x86\vc10\lib\opencv_gpu2410d.lib C:\Users\boulanger\Downloads\bis\opencv\build\x86\vc10\lib\opencv_flann2410d.lib C:\Users\boulanger\Downloads\bis\opencv\build\x86\vc10\lib\opencv_features2d2410d.lib C:\Users\boulanger\Downloads\bis\opencv\build\x86\vc10\lib\opencv_core2410d.lib C:\Users\boulanger\Downloads\bis\opencv\build\x86\vc10\lib\opencv_contrib2410d.lib C:\Users\boulanger\Downloads\bis\opencv\build\x86\vc10\lib\opencv_calib3d2410d.lib C:\Users\boulanger\Downloads\bis\opencv\build\x86\vc10\lib\opencv_nonfree2410d.lib C:\Users\boulanger\Downloads\bis\opencv\build\x86\vc10\lib\opencv_ocl2410d.lib C:\Users\boulanger\Downloads\bis\opencv\build\x86\vc10\lib\opencv_gpu2410d.lib C:\Users\boulanger\Downloads\bis\opencv\build\x86\vc10\lib\opencv_photo2410d.lib C:\Users\boulanger\Downloads\bis\opencv\build\x86\vc10\lib\opencv_objdetect2410d.lib C:\Users\boulanger\Downloads\bis\opencv\build\x86\vc10\lib\opencv_legacy2410d.lib C:\Users\boulanger\Downloads\bis\opencv\build\x86\vc10\lib\opencv_video2410d.lib C:\Users\boulanger\Downloads\bis\opencv\build\x86\vc10\lib\opencv_ml2410d.lib C:\Users\boulanger\Downloads\bis\opencv\build\x86\vc10\lib\opencv_calib3d2410d.lib C:\Users\boulanger\Downloads\bis\opencv\build\x86\vc10\lib\opencv_features2d2410d.lib C:\Users\boulanger\Downloads\bis\opencv\build\x86\vc10\lib\opencv_highgui2410d.lib C:\Users\boulanger\Downloads\bis\opencv\build\x86\vc10\lib\opencv_imgproc2410d.lib C:\Users\boulanger\Downloads\bis\opencv\build\x86\vc10\lib\opencv_flann2410d.lib C:\Users\boulanger\Downloads\bis\opencv\build\x86\vc10\lib\opencv_core2410d.lib /MANIFEST /ManifestFile:"epipolaires.dir\Debug\epipolaires.exe.intermediate.manifest" /MANIFESTUAC:"level='asInvoker' uiAccess='false'" /DEBUG /PDB:"C:/Users/boulanger/Documents/Polytechnique/Année 3/INF552 Images/TP4/build/Debug/epipolaires.pdb" /SUBSYSTEM:CONSOLE /TLBID:1 /DYNAMICBASE /NXCOMPAT /IMPLIB:"C:/Users/boulanger/Documents/Polytechnique/Année 3/INF552 Images/TP4/build/Debug/epipolaires.lib" /MACHINE:X86 epipolaires.dir\Debug\epipolaires.exe.embed.manifest.res
         epipolaires.dir\Debug\epi.obj
         epipolaires.dir\Debug\image.obj  /machine:X86 /debug 
       Manifest:
         C:\Program Files (x86)\Microsoft SDKs\Windows\v7.0A\bin\mt.exe /nologo /verbose /out:"epipolaires.dir\Debug\epipolaires.exe.embed.manifest" /manifest epipolaires.dir\Debug\epipolaires.exe.intermediate.manifest
         All outputs are up-to-date.
       LinkEmbedManifest:
         All outputs are up-to-date.
         epipolaires.vcxproj -> C:\Users\boulanger\Documents\Polytechnique\Année 3\INF552 Images\TP4\build\Debug\epipolaires.exe
       FinalizeBuildStatus:
         Deleting file "epipolaires.dir\Debug\epipolaires.unsuccessfulbuild".
         Touching "epipolaires.dir\Debug\epipolaires.lastbuildstate".
     1>Done Building Project "C:\Users\boulanger\Documents\Polytechnique\Année 3\INF552 Images\TP4\build\epipolaires.vcxproj" (build target(s)).

Build succeeded.

Time Elapsed 00:00:03.80
